# JRE version: Java(TM) SE Runtime Environment (7.0_75-b13) (build 1.7.0_75-b13)
# Java VM: Java HotSpot(TM) 64-Bit Server VM (24.75-b04 mixed mode windows-amd64 compressed oops)
Heap
 PSYoungGen      total 336384K, used 293057K [0x00000000eb300000, 0x0000000100000000, 0x0000000100000000)
  eden space 331776K, 87% used [0x00000000eb300000,0x00000000fcfba668,0x00000000ff700000)
  from space 4608K, 32% used [0x00000000ffb80000,0x00000000ffcf6010,0x0000000100000000)
  to   space 4608K, 0% used [0x00000000ff700000,0x00000000ff700000,0x00000000ffb80000)
 ParOldGen       total 42496K, used 28271K [0x00000000c1a00000, 0x00000000c4380000, 0x00000000eb300000)
  object space 42496K, 66% used [0x00000000c1a00000,0x00000000c359bda8,0x00000000c4380000)
 PSPermGen       total 21504K, used 6339K [0x00000000bc800000, 0x00000000bdd00000, 0x00000000c1a00000)
  object space 21504K, 29% used [0x00000000bc800000,0x00000000bce30d30,0x00000000bdd00000)
GC Heap History (10 events):
Event: 8.201 GC heap before
{Heap before GC invocations=24 (full 0):
 PSYoungGen      total 336896K, used 333826K [0x00000000eb300000, 0x0000000100000000, 0x0000000100000000)
  eden space 332800K, 99% used [0x00000000eb300000,0x00000000ff7fa7b8,0x00000000ff800000)
  from space 4096K, 25% used [0x00000000ff800000,0x00000000ff906060,0x00000000ffc00000)
  to   space 4096K, 0% used [0x00000000ffc00000,0x00000000ffc00000,0x0000000100000000)
 ParOldGen       total 42496K, used 23822K [0x00000000c1a00000, 0x00000000c4380000, 0x00000000eb300000)
  object space 42496K, 56% used [0x00000000c1a00000,0x00000000c3143ac8,0x00000000c4380000)
 PSPermGen       total 21504K, used 6077K [0x00000000bc800000, 0x00000000bdd00000, 0x00000000c1a00000)
  object space 21504K, 28% used [0x00000000bc800000,0x00000000bcdef698,0x00000000bdd00000)
Event: 8.237 GC heap after
Heap after GC invocations=24 (full 0):
 PSYoungGen      total 336896K, used 1227K [0x00000000eb300000, 0x0000000100000000, 0x0000000100000000)
  eden space 332800K, 0% used [0x00000000eb300000,0x00000000eb300000,0x00000000ff800000)
  from space 4096K, 29% used [0x00000000ffc00000,0x00000000ffd32f40,0x0000000100000000)
  to   space 4096K, 0% used [0x00000000ff800000,0x00000000ff800000,0x00000000ffc00000)
 ParOldGen       total 42496K, used 23933K [0x00000000c1a00000, 0x00000000c4380000, 0x00000000eb300000)
  object space 42496K, 56% used [0x00000000c1a00000,0x00000000c315f670,0x00000000c4380000)
 PSPermGen       total 21504K, used 6077K [0x00000000bc800000, 0x00000000bdd00000, 0x00000000c1a00000)
  object space 21504K, 28% used [0x00000000bc800000,0x00000000bcdef698,0x00000000bdd00000)
}
Event: 8.405 GC heap before
{Heap before GC invocations=25 (full 0):
 PSYoungGen      total 336896K, used 333938K [0x00000000eb300000, 0x0000000100000000, 0x0000000100000000)
  eden space 332800K, 99% used [0x00000000eb300000,0x00000000ff7e9928,0x00000000ff800000)
  from space 4096K, 29% used [0x00000000ffc00000,0x00000000ffd32f40,0x0000000100000000)
  to   space 4096K, 0% used [0x00000000ff800000,0x00000000ff800000,0x00000000ffc00000)
 ParOldGen       total 42496K, used 23933K [0x00000000c1a00000, 0x00000000c4380000, 0x00000000eb300000)
  object space 42496K, 56% used [0x00000000c1a00000,0x00000000c315f670,0x00000000c4380000)
 PSPermGen       total 21504K, used 6077K [0x00000000bc800000, 0x00000000bdd00000, 0x00000000c1a00000)
  object space 21504K, 28% used [0x00000000bc800000,0x00000000bcdef698,0x00000000bdd00000)
Event: 8.423 GC heap after
Heap after GC invocations=25 (full 0):
 PSYoungGen      total 334848K, used 1561K [0x00000000eb300000, 0x00000000fff00000, 0x0000000100000000)
  eden space 332800K, 0% used [0x00000000eb300000,0x00000000eb300000,0x00000000ff800000)
  from space 2048K, 76% used [0x00000000ff800000,0x00000000ff9864e0,0x00000000ffa00000)
  to   space 3584K, 0% used [0x00000000ffb80000,0x00000000ffb80000,0x00000000fff00000)
 ParOldGen       total 42496K, used 23991K [0x00000000c1a00000, 0x00000000c4380000, 0x00000000eb300000)
  object space 42496K, 56% used [0x00000000c1a00000,0x00000000c316dd18,0x00000000c4380000)
 PSPermGen       total 21504K, used 6077K [0x00000000bc800000, 0x00000000bdd00000, 0x00000000c1a00000)
  object space 21504K, 28% used [0x00000000bc800000,0x00000000bcdef698,0x00000000bdd00000)
}
Event: 8.679 GC heap before
{Heap before GC invocations=26 (full 0):
 PSYoungGen      total 334848K, used 334275K [0x00000000eb300000, 0x00000000fff00000, 0x0000000100000000)
  eden space 332800K, 99% used [0x00000000eb300000,0x00000000ff7ea7b8,0x00000000ff800000)
  from space 2048K, 76% used [0x00000000ff800000,0x00000000ff9864e0,0x00000000ffa00000)
  to   space 3584K, 0% used [0x00000000ffb80000,0x00000000ffb80000,0x00000000fff00000)
 ParOldGen       total 42496K, used 23991K [0x00000000c1a00000, 0x00000000c4380000, 0x00000000eb300000)
  object space 42496K, 56% used [0x00000000c1a00000,0x00000000c316dd18,0x00000000c4380000)
 PSPermGen       total 21504K, used 6078K [0x00000000bc800000, 0x00000000bdd00000, 0x00000000c1a00000)
  object space 21504K, 28% used [0x00000000bc800000,0x00000000bcdef958,0x00000000bdd00000)
Event: 8.683 GC heap after
Heap after GC invocations=26 (full 0):
 PSYoungGen      total 336384K, used 2122K [0x00000000eb300000, 0x0000000100000000, 0x0000000100000000)
  eden space 332800K, 0% used [0x00000000eb300000,0x00000000eb300000,0x00000000ff800000)
  from space 3584K, 59% used [0x00000000ffb80000,0x00000000ffd92bb8,0x00000000fff00000)
  to   space 3584K, 0% used [0x00000000ff800000,0x00000000ff800000,0x00000000ffb80000)
 ParOldGen       total 42496K, used 23991K [0x00000000c1a00000, 0x00000000c4380000, 0x00000000eb300000)
  object space 42496K, 56% used [0x00000000c1a00000,0x00000000c316dd18,0x00000000c4380000)
 PSPermGen       total 21504K, used 6078K [0x00000000bc800000, 0x00000000bdd00000, 0x00000000c1a00000)
  object space 21504K, 28% used [0x00000000bc800000,0x00000000bcdef958,0x00000000bdd00000)
}
Event: 10.037 GC heap before
{Heap before GC invocations=27 (full 0):
 PSYoungGen      total 336384K, used 334795K [0x00000000eb300000, 0x0000000100000000, 0x0000000100000000)
  eden space 332800K, 99% used [0x00000000eb300000,0x00000000ff7e00f0,0x00000000ff800000)
  from space 3584K, 59% used [0x00000000ffb80000,0x00000000ffd92bb8,0x00000000fff00000)
  to   space 3584K, 0% used [0x00000000ff800000,0x00000000ff800000,0x00000000ffb80000)
 ParOldGen       total 42496K, used 23991K [0x00000000c1a00000, 0x00000000c4380000, 0x00000000eb300000)
  object space 42496K, 56% used [0x00000000c1a00000,0x00000000c316dd18,0x00000000c4380000)
 PSPermGen       total 21504K, used 6291K [0x00000000bc800000, 0x00000000bdd00000, 0x00000000c1a00000)
  object space 21504K, 29% used [0x00000000bc800000,0x00000000bce24e48,0x00000000bdd00000)
Event: 10.051 GC heap after
Heap after GC invocations=27 (full 0):
 PSYoungGen      total 336384K, used 3553K [0x00000000eb300000, 0x0000000100000000, 0x0000000100000000)
  eden space 332800K, 0% used [0x00000000eb300000,0x00000000eb300000,0x00000000ff800000)
  from space 3584K, 99% used [0x00000000ff800000,0x00000000ffb78518,0x00000000ffb80000)
  to   space 4608K, 0% used [0x00000000ffb80000,0x00000000ffb80000,0x0000000100000000)
 ParOldGen       total 42496K, used 24894K [0x00000000c1a00000, 0x00000000c4380000, 0x00000000eb300000)
  object space 42496K, 58% used [0x00000000c1a00000,0x00000000c324fa80,0x00000000c4380000)
 PSPermGen       total 21504K, used 6291K [0x00000000bc800000, 0x00000000bdd00000, 0x00000000c1a00000)
  object space 21504K, 29% used [0x00000000bc800000,0x00000000bce24e48,0x00000000bdd00000)
}
Event: 11.531 GC heap before
{Heap before GC invocations=28 (full 0):
 PSYoungGen      total 336384K, used 336303K [0x00000000eb300000, 0x0000000100000000, 0x0000000100000000)
  eden space 332800K, 99% used [0x00000000eb300000,0x00000000ff7f3920,0x00000000ff800000)
  from space 3584K, 99% used [0x00000000ff800000,0x00000000ffb78518,0x00000000ffb80000)
  to   space 4608K, 0% used [0x00000000ffb80000,0x00000000ffb80000,0x0000000100000000)
 ParOldGen       total 42496K, used 24894K [0x00000000c1a00000, 0x00000000c4380000, 0x00000000eb300000)
  object space 42496K, 58% used [0x00000000c1a00000,0x00000000c324fa80,0x00000000c4380000)
 PSPermGen       total 21504K, used 6296K [0x00000000bc800000, 0x00000000bdd00000, 0x00000000c1a00000)
  object space 21504K, 29% used [0x00000000bc800000,0x00000000bce26398,0x00000000bdd00000)
Event: 11.547 GC heap after
Heap after GC invocations=28 (full 0):
 PSYoungGen      total 336384K, used 1496K [0x00000000eb300000, 0x0000000100000000, 0x0000000100000000)
  eden space 331776K, 0% used [0x00000000eb300000,0x00000000eb300000,0x00000000ff700000)
  from space 4608K, 32% used [0x00000000ffb80000,0x00000000ffcf6010,0x0000000100000000)
  to   space 4608K, 0% used [0x00000000ff700000,0x00000000ff700000,0x00000000ffb80000)
 ParOldGen       total 42496K, used 28271K [0x00000000c1a00000, 0x00000000c4380000, 0x00000000eb300000)
  object space 42496K, 66% used [0x00000000c1a00000,0x00000000c359bda8,0x00000000c4380000)
 PSPermGen       total 21504K, used 6296K [0x00000000bc800000, 0x00000000bdd00000, 0x00000000c1a00000)
  object space 21504K, 29% used [0x00000000bc800000,0x00000000bce26398,0x00000000bdd00000)
}

